2024-04-01 13:39:33,074 CRIT Supervisor is running as root.  Privileges were not dropped because no user is specified in the config file.  If you intend to run as root, you can set user=root in the config file to avoid this message.
2024-04-01 13:39:33,074 WARN For [program:laravel-worker], AUTO logging used for stderr_logfile without rollover, set maxbytes > 0 to avoid filling up filesystem unintentionally
2024-04-01 13:39:33,074 WARN For [program:laravel-worker], AUTO logging used for stderr_logfile without rollover, set maxbytes > 0 to avoid filling up filesystem unintentionally
2024-04-01 13:39:33,075 WARN For [program:laravel-worker], AUTO logging used for stderr_logfile without rollover, set maxbytes > 0 to avoid filling up filesystem unintentionally
2024-04-01 13:39:33,075 WARN For [program:laravel-worker], AUTO logging used for stderr_logfile without rollover, set maxbytes > 0 to avoid filling up filesystem unintentionally
2024-04-01 13:39:33,075 WARN For [program:laravel-worker], AUTO logging used for stderr_logfile without rollover, set maxbytes > 0 to avoid filling up filesystem unintentionally
2024-04-01 13:39:33,075 WARN For [program:laravel-worker], AUTO logging used for stderr_logfile without rollover, set maxbytes > 0 to avoid filling up filesystem unintentionally
2024-04-01 13:39:33,076 WARN For [program:laravel-worker], AUTO logging used for stderr_logfile without rollover, set maxbytes > 0 to avoid filling up filesystem unintentionally
2024-04-01 13:39:33,076 WARN For [program:laravel-worker], AUTO logging used for stderr_logfile without rollover, set maxbytes > 0 to avoid filling up filesystem unintentionally
2024-04-01 13:39:33,076 WARN For [program:laravel-worker], AUTO logging used for stderr_logfile without rollover, set maxbytes > 0 to avoid filling up filesystem unintentionally
2024-04-01 13:39:33,077 WARN For [program:laravel-worker], AUTO logging used for stderr_logfile without rollover, set maxbytes > 0 to avoid filling up filesystem unintentionally
2024-04-01 13:39:33,083 INFO supervisord started with pid 1
2024-04-01 13:39:34,086 INFO spawned: 'laravel-worker_00' with pid 7
2024-04-01 13:39:34,088 INFO spawned: 'laravel-worker_01' with pid 8
2024-04-01 13:39:34,090 INFO spawned: 'laravel-worker_02' with pid 9
2024-04-01 13:39:34,094 INFO spawned: 'laravel-worker_03' with pid 10
2024-04-01 13:39:34,098 INFO spawned: 'laravel-worker_04' with pid 11
2024-04-01 13:39:34,101 INFO spawned: 'laravel-worker_05' with pid 12
2024-04-01 13:39:34,112 INFO spawned: 'laravel-worker_06' with pid 13
2024-04-01 13:39:34,118 INFO spawned: 'laravel-worker_07' with pid 14
2024-04-01 13:39:34,121 INFO spawned: 'laravel-worker_08' with pid 15
2024-04-01 13:39:34,125 INFO spawned: 'laravel-worker_09' with pid 16
2024-04-01 13:39:34,127 INFO spawned: 'php-fpm' with pid 17
2024-04-01 13:39:35,172 INFO success: laravel-worker_00 entered RUNNING state, process has stayed up for > than 1 seconds (startsecs)
2024-04-01 13:39:35,172 INFO success: laravel-worker_01 entered RUNNING state, process has stayed up for > than 1 seconds (startsecs)
2024-04-01 13:39:35,172 INFO success: laravel-worker_02 entered RUNNING state, process has stayed up for > than 1 seconds (startsecs)
2024-04-01 13:39:35,173 INFO success: laravel-worker_03 entered RUNNING state, process has stayed up for > than 1 seconds (startsecs)
2024-04-01 13:39:35,173 INFO success: laravel-worker_04 entered RUNNING state, process has stayed up for > than 1 seconds (startsecs)
2024-04-01 13:39:35,173 INFO success: laravel-worker_05 entered RUNNING state, process has stayed up for > than 1 seconds (startsecs)
2024-04-01 13:39:35,173 INFO success: laravel-worker_06 entered RUNNING state, process has stayed up for > than 1 seconds (startsecs)
2024-04-01 13:39:35,174 INFO success: laravel-worker_07 entered RUNNING state, process has stayed up for > than 1 seconds (startsecs)
2024-04-01 13:39:35,174 INFO success: laravel-worker_08 entered RUNNING state, process has stayed up for > than 1 seconds (startsecs)
2024-04-01 13:39:35,174 INFO success: laravel-worker_09 entered RUNNING state, process has stayed up for > than 1 seconds (startsecs)
2024-04-01 13:39:35,174 INFO success: php-fpm entered RUNNING state, process has stayed up for > than 1 seconds (startsecs)
